[  1288.213] 
X.Org X Server 1.21.1.8
X Protocol Version 11, Revision 0
[  1288.214] Current Operating System: Linux zoey 6.2.13-arch1-1 #1 SMP PREEMPT_DYNAMIC Wed, 26 Apr 2023 20:50:14 +0000 x86_64
[  1288.214] Kernel command line: BOOT_IMAGE=/@/boot/vmlinuz-linux root=UUID=4b4ada38-e450-45cd-98cb-045ef103fdf1 rw rootflags=subvol=@ loglevel=3 quiet
[  1288.214]  
[  1288.214] Current version of pixman: 0.42.2
[  1288.215] 	Before reporting problems, check http://wiki.x.org
	to make sure that you have the latest version.
[  1288.215] Markers: (--) probed, (**) from config file, (==) default setting,
	(++) from command line, (!!) notice, (II) informational,
	(WW) warning, (EE) error, (NI) not implemented, (??) unknown.
[  1288.215] (==) Log file: "/home/zoey/.local/share/xorg/Xorg.0.log", Time: Wed May  3 13:04:43 2023
[  1288.330] (==) Using system config directory "/usr/share/X11/xorg.conf.d"
[  1288.331] (==) No Layout section.  Using the first Screen section.
[  1288.331] (==) No screen section available. Using defaults.
[  1288.331] (**) |-->Screen "Default Screen Section" (0)
[  1288.331] (**) |   |-->Monitor "<default monitor>"
[  1288.331] (==) No monitor specified for screen "Default Screen Section".
	Using a default monitor configuration.
[  1288.331] (==) Automatically adding devices
[  1288.331] (==) Automatically enabling devices
[  1288.331] (==) Automatically adding GPU devices
[  1288.331] (==) Automatically binding GPU devices
[  1288.331] (==) Max clients allowed: 256, resource mask: 0x1fffff
[  1288.356] (WW) The directory "/usr/share/fonts/misc" does not exist.
[  1288.356] 	Entry deleted from font path.
[  1288.365] (WW) The directory "/usr/share/fonts/OTF" does not exist.
[  1288.365] 	Entry deleted from font path.
[  1288.366] (WW) The directory "/usr/share/fonts/Type1" does not exist.
[  1288.366] 	Entry deleted from font path.
[  1288.420] (==) FontPath set to:
	/usr/share/fonts/TTF,
	/usr/share/fonts/100dpi,
	/usr/share/fonts/75dpi
[  1288.420] (==) ModulePath set to "/usr/lib/xorg/modules"
[  1288.420] (II) The server relies on udev to provide the list of input devices.
	If no devices become available, reconfigure udev or disable AutoAddDevices.
[  1288.421] (II) Module ABI versions:
[  1288.421] 	X.Org ANSI C Emulation: 0.4
[  1288.421] 	X.Org Video Driver: 25.2
[  1288.421] 	X.Org XInput driver : 24.4
[  1288.421] 	X.Org Server Extension : 10.0
[  1288.422] (++) using VT number 1

[  1288.426] (II) systemd-logind: took control of session /org/freedesktop/login1/session/_31
[  1288.428] (II) xfree86: Adding drm device (/dev/dri/card0)
[  1288.428] (II) Platform probe for /sys/devices/pci0000:00/0000:00:02.0/drm/card0
[  1288.429] (II) systemd-logind: got fd for /dev/dri/card0 226:0 fd 13 paused 0
[  1288.434] (--) PCI:*(0@0:2:0) 8086:9bc8:1028:09a8 rev 3, Mem @ 0xd0000000/16777216, 0xc0000000/268435456, I/O @ 0x00004000/64, BIOS @ 0x????????/131072
[  1288.434] (WW) Open ACPI failed (/var/run/acpid.socket) (No such file or directory)
[  1288.434] (II) LoadModule: "glx"
[  1288.461] (II) Loading /usr/lib/xorg/modules/extensions/libglx.so
[  1288.618] (II) Module glx: vendor="X.Org Foundation"
[  1288.618] 	compiled for 1.21.1.8, module version = 1.0.0
[  1288.618] 	ABI class: X.Org Server Extension, version 10.0
[  1288.618] (==) Matched intel as autoconfigured driver 0
[  1288.618] (==) Matched modesetting as autoconfigured driver 1
[  1288.618] (==) Matched fbdev as autoconfigured driver 2
[  1288.618] (==) Matched vesa as autoconfigured driver 3
[  1288.619] (==) Assigned the driver to the xf86ConfigLayout
[  1288.619] (II) LoadModule: "intel"
[  1288.619] (WW) Warning, couldn't open module intel
[  1288.619] (EE) Failed to load module "intel" (module does not exist, 0)
[  1288.619] (II) LoadModule: "modesetting"
[  1288.619] (II) Loading /usr/lib/xorg/modules/drivers/modesetting_drv.so
[  1288.725] (II) Module modesetting: vendor="X.Org Foundation"
[  1288.725] 	compiled for 1.21.1.8, module version = 1.21.1
[  1288.725] 	Module class: X.Org Video Driver
[  1288.725] 	ABI class: X.Org Video Driver, version 25.2
[  1288.725] (II) LoadModule: "fbdev"
[  1288.725] (WW) Warning, couldn't open module fbdev
[  1288.725] (EE) Failed to load module "fbdev" (module does not exist, 0)
[  1288.725] (II) LoadModule: "vesa"
[  1288.725] (II) Loading /usr/lib/xorg/modules/drivers/vesa_drv.so
[  1288.779] (II) Module vesa: vendor="X.Org Foundation"
[  1288.779] 	compiled for 1.21.1.4, module version = 2.6.0
[  1288.779] 	Module class: X.Org Video Driver
[  1288.779] 	ABI class: X.Org Video Driver, version 25.2
[  1288.779] (II) modesetting: Driver for Modesetting Kernel Drivers: kms
[  1288.779] (II) VESA: driver for VESA chipsets: vesa
[  1288.779] xf86EnableIO: failed to enable I/O ports 0000-03ff (Operation not permitted)
[  1288.780] (II) modeset(0): using drv /dev/dri/card0
[  1288.780] (WW) VGA arbiter: cannot open kernel arbiter, no multi-card support
[  1288.780] (II) modeset(0): Creating default Display subsection in Screen section
	"Default Screen Section" for depth/fbbpp 24/32
[  1288.780] (==) modeset(0): Depth 24, (==) framebuffer bpp 32
[  1288.780] (==) modeset(0): RGB weight 888
[  1288.780] (==) modeset(0): Default visual is TrueColor
[  1288.780] (II) Loading sub module "glamoregl"
[  1288.780] (II) LoadModule: "glamoregl"
[  1288.780] (II) Loading /usr/lib/xorg/modules/libglamoregl.so
[  1288.872] (II) Module glamoregl: vendor="X.Org Foundation"
[  1288.872] 	compiled for 1.21.1.8, module version = 1.0.1
[  1288.872] 	ABI class: X.Org ANSI C Emulation, version 0.4
[  1291.675] (II) modeset(0): glamor X acceleration enabled on Mesa Intel(R) UHD Graphics 630 (CML GT2)
[  1291.675] (II) modeset(0): glamor initialized
[  1291.675] (==) modeset(0): VariableRefresh: disabled
[  1291.675] (==) modeset(0): AsyncFlipSecondaries: disabled
[  1291.679] (II) modeset(0): Output HDMI-1 has no monitor section
[  1291.691] (II) modeset(0): Output DP-1 has no monitor section
[  1291.694] (II) modeset(0): Output HDMI-2 has no monitor section
[  1291.694] (II) modeset(0): Output DP-2 has no monitor section
[  1291.697] (II) modeset(0): Output HDMI-3 has no monitor section
[  1291.701] (II) modeset(0): EDID for output HDMI-1
[  1291.713] (II) modeset(0): EDID for output DP-1
[  1291.713] (II) modeset(0): Manufacturer: DEL  Model: d0d9  Serial#: 825503828
[  1291.713] (II) modeset(0): Year: 2021  Week: 22
[  1291.713] (II) modeset(0): EDID Version: 1.4
[  1291.713] (II) modeset(0): Digital Display Input
[  1291.713] (II) modeset(0): 8 bits per channel
[  1291.713] (II) modeset(0): Digital interface is DisplayPort
[  1291.713] (II) modeset(0): Max Image Size [cm]: horiz.: 53  vert.: 30
[  1291.713] (II) modeset(0): Gamma: 2.20
[  1291.713] (II) modeset(0): DPMS capabilities: Off
[  1291.713] (II) modeset(0): Supported color encodings: RGB 4:4:4 YCrCb 4:4:4 YCrCb 4:2:2
[  1291.713] (II) modeset(0): First detailed timing is preferred mode
[  1291.713] (II) modeset(0): Preferred mode is native pixel format and refresh rate
[  1291.713] (II) modeset(0): redX: 0.652 redY: 0.336   greenX: 0.321 greenY: 0.610
[  1291.713] (II) modeset(0): blueX: 0.153 blueY: 0.061   whiteX: 0.313 whiteY: 0.329
[  1291.713] (II) modeset(0): Supported established timings:
[  1291.713] (II) modeset(0): 720x400@70Hz
[  1291.713] (II) modeset(0): 640x480@60Hz
[  1291.713] (II) modeset(0): 640x480@75Hz
[  1291.713] (II) modeset(0): 800x600@60Hz
[  1291.713] (II) modeset(0): 800x600@75Hz
[  1291.713] (II) modeset(0): 1024x768@60Hz
[  1291.713] (II) modeset(0): 1024x768@75Hz
[  1291.713] (II) modeset(0): 1280x1024@75Hz
[  1291.713] (II) modeset(0): Manufacturer's mask: 0
[  1291.713] (II) modeset(0): Supported standard timings:
[  1291.713] (II) modeset(0): #0: hsize: 1152  vsize 864  refresh: 75  vid: 20337
[  1291.713] (II) modeset(0): #1: hsize: 1280  vsize 1024  refresh: 60  vid: 32897
[  1291.713] (II) modeset(0): #2: hsize: 1600  vsize 900  refresh: 60  vid: 49321
[  1291.713] (II) modeset(0): #3: hsize: 1920  vsize 1080  refresh: 60  vid: 49361
[  1291.713] (II) modeset(0): Supported detailed timing:
[  1291.713] (II) modeset(0): clock: 148.5 MHz   Image Size:  527 x 296 mm
[  1291.713] (II) modeset(0): h_active: 1920  h_sync: 2008  h_sync_end 2052 h_blank_end 2200 h_border: 0
[  1291.713] (II) modeset(0): v_active: 1080  v_sync: 1084  v_sync_end 1089 v_blanking: 1125 v_border: 0
[  1291.713] (II) modeset(0): Serial No: 6MYJRD3
[  1291.713] (II) modeset(0): Monitor name: DELL P2419H
[  1291.713] (II) modeset(0): Ranges: V min: 56 V max: 76 Hz, H min: 30 H max: 83 kHz, PixClock max 175 MHz
[  1291.713] (II) modeset(0): EDID (in hex):
[  1291.713] (II) modeset(0): 	00ffffffffffff0010acd9d054303431
[  1291.713] (II) modeset(0): 	161f0104a5351e783a0565a756529c27
[  1291.713] (II) modeset(0): 	0f5054a54b00714f8180a9c0d1c00101
[  1291.713] (II) modeset(0): 	010101010101023a801871382d40582c
[  1291.713] (II) modeset(0): 	45000f282100001e000000ff00364d59
[  1291.713] (II) modeset(0): 	4a5244330a2020202020000000fc0044
[  1291.713] (II) modeset(0): 	454c4c205032343139480a20000000fd
[  1291.713] (II) modeset(0): 	00384c1e5311010a2020202020200094
[  1291.713] (II) modeset(0): Printing probed modes for output DP-1
[  1291.713] (II) modeset(0): Modeline "1920x1080"x60.0  148.50  1920 2008 2052 2200  1080 1084 1089 1125 +hsync +vsync (67.5 kHz eP)
[  1291.713] (II) modeset(0): Modeline "1600x900"x60.0  108.00  1600 1624 1704 1800  900 901 904 1000 +hsync +vsync (60.0 kHz e)
[  1291.713] (II) modeset(0): Modeline "1280x1024"x75.0  135.00  1280 1296 1440 1688  1024 1025 1028 1066 +hsync +vsync (80.0 kHz e)
[  1291.713] (II) modeset(0): Modeline "1280x1024"x60.0  108.00  1280 1328 1440 1688  1024 1025 1028 1066 +hsync +vsync (64.0 kHz e)
[  1291.713] (II) modeset(0): Modeline "1152x864"x75.0  108.00  1152 1216 1344 1600  864 865 868 900 +hsync +vsync (67.5 kHz e)
[  1291.713] (II) modeset(0): Modeline "1024x768"x75.0   78.75  1024 1040 1136 1312  768 769 772 800 +hsync +vsync (60.0 kHz e)
[  1291.713] (II) modeset(0): Modeline "1024x768"x60.0   65.00  1024 1048 1184 1344  768 771 777 806 -hsync -vsync (48.4 kHz e)
[  1291.713] (II) modeset(0): Modeline "800x600"x75.0   49.50  800 816 896 1056  600 601 604 625 +hsync +vsync (46.9 kHz e)
[  1291.713] (II) modeset(0): Modeline "800x600"x60.3   40.00  800 840 968 1056  600 601 605 628 +hsync +vsync (37.9 kHz e)
[  1291.713] (II) modeset(0): Modeline "640x480"x75.0   31.50  640 656 720 840  480 481 484 500 -hsync -vsync (37.5 kHz e)
[  1291.713] (II) modeset(0): Modeline "640x480"x59.9   25.18  640 656 752 800  480 490 492 525 -hsync -vsync (31.5 kHz e)
[  1291.713] (II) modeset(0): Modeline "720x400"x70.1   28.32  720 738 846 900  400 412 414 449 -hsync +vsync (31.5 kHz e)
[  1291.717] (II) modeset(0): EDID for output HDMI-2
[  1291.717] (II) modeset(0): EDID for output DP-2
[  1291.720] (II) modeset(0): EDID for output HDMI-3
[  1291.720] (II) modeset(0): Output HDMI-1 disconnected
[  1291.720] (II) modeset(0): Output DP-1 connected
[  1291.720] (II) modeset(0): Output HDMI-2 disconnected
[  1291.720] (II) modeset(0): Output DP-2 disconnected
[  1291.720] (II) modeset(0): Output HDMI-3 disconnected
[  1291.720] (II) modeset(0): Using exact sizes for initial modes
[  1291.720] (II) modeset(0): Output DP-1 using initial mode 1920x1080 +0+0
[  1291.720] (==) modeset(0): Using gamma correction (1.0, 1.0, 1.0)
[  1291.720] (==) modeset(0): DPI set to (96, 96)
[  1291.720] (II) Loading sub module "fb"
[  1291.720] (II) LoadModule: "fb"
[  1291.720] (II) Module "fb" already built-in
[  1291.720] (II) UnloadModule: "vesa"
[  1291.720] (II) Unloading vesa
[  1294.724] (==) modeset(0): Backing store enabled
[  1294.724] (==) modeset(0): Silken mouse enabled
[  1294.828] (II) modeset(0): Initializing kms color map for depth 24, 8 bpc.
[  1294.829] (==) modeset(0): DPMS enabled
[  1294.829] (II) modeset(0): [DRI2] Setup complete
[  1294.829] (II) modeset(0): [DRI2]   DRI driver: iris
[  1294.829] (II) modeset(0): [DRI2]   VDPAU driver: va_gl
[  1294.829] (II) Initializing extension Generic Event Extension
[  1294.829] (II) Initializing extension SHAPE
[  1294.830] (II) Initializing extension MIT-SHM
[  1294.830] (II) Initializing extension XInputExtension
[  1294.830] (II) Initializing extension XTEST
[  1294.831] (II) Initializing extension BIG-REQUESTS
[  1294.831] (II) Initializing extension SYNC
[  1294.831] (II) Initializing extension XKEYBOARD
[  1294.832] (II) Initializing extension XC-MISC
[  1294.832] (II) Initializing extension SECURITY
[  1294.832] (II) Initializing extension XFIXES
[  1294.832] (II) Initializing extension RENDER
[  1294.833] (II) Initializing extension RANDR
[  1294.833] (II) Initializing extension COMPOSITE
[  1294.833] (II) Initializing extension DAMAGE
[  1294.833] (II) Initializing extension MIT-SCREEN-SAVER
[  1294.833] (II) Initializing extension DOUBLE-BUFFER
[  1294.833] (II) Initializing extension RECORD
[  1294.833] (II) Initializing extension DPMS
[  1294.833] (II) Initializing extension Present
[  1294.833] (II) Initializing extension DRI3
[  1294.833] (II) Initializing extension X-Resource
[  1294.833] (II) Initializing extension XVideo
[  1294.833] (II) Initializing extension XVideo-MotionCompensation
[  1294.833] (II) Initializing extension GLX
[  1294.837] (II) AIGLX: Loaded and initialized iris
[  1294.837] (II) GLX: Initialized DRI2 GL provider for screen 0
[  1294.837] (II) Initializing extension XFree86-VidModeExtension
[  1294.837] (II) Initializing extension XFree86-DGA
[  1294.837] (II) Initializing extension XFree86-DRI
[  1294.837] (II) Initializing extension DRI2
[  1294.837] (II) modeset(0): Damage tracking initialized
[  1294.837] (II) modeset(0): Setting screen physical size to 508 x 285
[  1295.526] (II) config/udev: Adding input device Power Button (/dev/input/event2)
[  1295.526] (**) Power Button: Applying InputClass "libinput keyboard catchall"
[  1295.526] (II) LoadModule: "libinput"
[  1295.526] (II) Loading /usr/lib/xorg/modules/input/libinput_drv.so
[  1295.630] (II) Module libinput: vendor="X.Org Foundation"
[  1295.630] 	compiled for 1.21.1.8, module version = 1.3.0
[  1295.630] 	Module class: X.Org XInput Driver
[  1295.630] 	ABI class: X.Org XInput driver, version 24.4
[  1295.630] (II) Using input driver 'libinput' for 'Power Button'
[  1295.632] (II) systemd-logind: got fd for /dev/input/event2 13:66 fd 27 paused 0
[  1295.632] (**) Power Button: always reports core events
[  1295.632] (**) Option "Device" "/dev/input/event2"
[  1295.691] (II) event2  - Power Button: is tagged by udev as: Keyboard
[  1295.692] (II) event2  - Power Button: device is a keyboard
[  1295.692] (II) event2  - Power Button: device removed
[  1295.692] (**) Option "config_info" "udev:/sys/devices/LNXSYSTM:00/LNXPWRBN:00/input/input2/event2"
[  1295.692] (II) XINPUT: Adding extended input device "Power Button" (type: KEYBOARD, id 6)
[  1295.694] (II) event2  - Power Button: is tagged by udev as: Keyboard
[  1295.694] (II) event2  - Power Button: device is a keyboard
[  1295.696] (II) config/udev: Adding input device Video Bus (/dev/input/event3)
[  1295.696] (**) Video Bus: Applying InputClass "libinput keyboard catchall"
[  1295.696] (II) Using input driver 'libinput' for 'Video Bus'
[  1295.698] (II) systemd-logind: got fd for /dev/input/event3 13:67 fd 30 paused 0
[  1295.698] (**) Video Bus: always reports core events
[  1295.698] (**) Option "Device" "/dev/input/event3"
[  1295.700] (II) event3  - Video Bus: is tagged by udev as: Keyboard
[  1295.700] (II) event3  - Video Bus: device is a keyboard
[  1295.700] (II) event3  - Video Bus: device removed
[  1295.700] (**) Option "config_info" "udev:/sys/devices/LNXSYSTM:00/LNXSYBUS:00/PNP0A08:00/LNXVIDEO:00/input/input3/event3"
[  1295.700] (II) XINPUT: Adding extended input device "Video Bus" (type: KEYBOARD, id 7)
[  1295.703] (II) event3  - Video Bus: is tagged by udev as: Keyboard
[  1295.703] (II) event3  - Video Bus: device is a keyboard
[  1295.704] (II) config/udev: Adding input device Power Button (/dev/input/event1)
[  1295.704] (**) Power Button: Applying InputClass "libinput keyboard catchall"
[  1295.704] (II) Using input driver 'libinput' for 'Power Button'
[  1295.706] (II) systemd-logind: got fd for /dev/input/event1 13:65 fd 31 paused 0
[  1295.706] (**) Power Button: always reports core events
[  1295.706] (**) Option "Device" "/dev/input/event1"
[  1295.708] (II) event1  - Power Button: is tagged by udev as: Keyboard
[  1295.708] (II) event1  - Power Button: device is a keyboard
[  1295.708] (II) event1  - Power Button: device removed
[  1295.708] (**) Option "config_info" "udev:/sys/devices/LNXSYSTM:00/LNXSYBUS:00/PNP0C0C:00/input/input1/event1"
[  1295.708] (II) XINPUT: Adding extended input device "Power Button" (type: KEYBOARD, id 8)
[  1295.711] (II) event1  - Power Button: is tagged by udev as: Keyboard
[  1295.711] (II) event1  - Power Button: device is a keyboard
[  1295.712] (II) config/udev: Adding input device Sleep Button (/dev/input/event0)
[  1295.712] (**) Sleep Button: Applying InputClass "libinput keyboard catchall"
[  1295.712] (II) Using input driver 'libinput' for 'Sleep Button'
[  1295.714] (II) systemd-logind: got fd for /dev/input/event0 13:64 fd 32 paused 0
[  1295.714] (**) Sleep Button: always reports core events
[  1295.714] (**) Option "Device" "/dev/input/event0"
[  1295.716] (II) event0  - Sleep Button: is tagged by udev as: Keyboard
[  1295.716] (II) event0  - Sleep Button: device is a keyboard
[  1295.716] (II) event0  - Sleep Button: device removed
[  1295.716] (**) Option "config_info" "udev:/sys/devices/LNXSYSTM:00/LNXSYBUS:00/PNP0C0E:00/input/input0/event0"
[  1295.716] (II) XINPUT: Adding extended input device "Sleep Button" (type: KEYBOARD, id 9)
[  1295.718] (II) event0  - Sleep Button: is tagged by udev as: Keyboard
[  1295.719] (II) event0  - Sleep Button: device is a keyboard
[  1295.722] (II) config/udev: Adding input device Dell KB216 Wired Keyboard (/dev/input/event4)
[  1295.722] (**) Dell KB216 Wired Keyboard: Applying InputClass "libinput keyboard catchall"
[  1295.722] (II) Using input driver 'libinput' for 'Dell KB216 Wired Keyboard'
[  1295.724] (II) systemd-logind: got fd for /dev/input/event4 13:68 fd 33 paused 0
[  1295.724] (**) Dell KB216 Wired Keyboard: always reports core events
[  1295.724] (**) Option "Device" "/dev/input/event4"
[  1295.727] (II) event4  - Dell KB216 Wired Keyboard: is tagged by udev as: Keyboard
[  1295.727] (II) event4  - Dell KB216 Wired Keyboard: device is a keyboard
[  1295.728] (II) event4  - Dell KB216 Wired Keyboard: device removed
[  1295.728] (**) Option "config_info" "udev:/sys/devices/pci0000:00/0000:00:14.0/usb1/1-1/1-1:1.0/0003:413C:2113.0001/input/input4/event4"
[  1295.728] (II) XINPUT: Adding extended input device "Dell KB216 Wired Keyboard" (type: KEYBOARD, id 10)
[  1295.731] (II) event4  - Dell KB216 Wired Keyboard: is tagged by udev as: Keyboard
[  1295.731] (II) event4  - Dell KB216 Wired Keyboard: device is a keyboard
[  1295.732] (II) config/udev: Adding input device Dell KB216 Wired Keyboard System Control (/dev/input/event5)
[  1295.732] (**) Dell KB216 Wired Keyboard System Control: Applying InputClass "libinput keyboard catchall"
[  1295.732] (II) Using input driver 'libinput' for 'Dell KB216 Wired Keyboard System Control'
[  1295.732] (II) systemd-logind: got fd for /dev/input/event5 13:69 fd 34 paused 0
[  1295.732] (**) Dell KB216 Wired Keyboard System Control: always reports core events
[  1295.732] (**) Option "Device" "/dev/input/event5"
[  1295.733] (II) event5  - Dell KB216 Wired Keyboard System Control: is tagged by udev as: Keyboard
[  1295.733] (II) event5  - Dell KB216 Wired Keyboard System Control: device is a keyboard
[  1295.733] (II) event5  - Dell KB216 Wired Keyboard System Control: device removed
[  1295.733] (**) Option "config_info" "udev:/sys/devices/pci0000:00/0000:00:14.0/usb1/1-1/1-1:1.1/0003:413C:2113.0002/input/input5/event5"
[  1295.733] (II) XINPUT: Adding extended input device "Dell KB216 Wired Keyboard System Control" (type: KEYBOARD, id 11)
[  1295.734] (II) event5  - Dell KB216 Wired Keyboard System Control: is tagged by udev as: Keyboard
[  1295.734] (II) event5  - Dell KB216 Wired Keyboard System Control: device is a keyboard
[  1295.734] (II) config/udev: Adding input device Dell KB216 Wired Keyboard Consumer Control (/dev/input/event6)
[  1295.734] (**) Dell KB216 Wired Keyboard Consumer Control: Applying InputClass "libinput keyboard catchall"
[  1295.734] (II) Using input driver 'libinput' for 'Dell KB216 Wired Keyboard Consumer Control'
[  1295.735] (II) systemd-logind: got fd for /dev/input/event6 13:70 fd 35 paused 0
[  1295.735] (**) Dell KB216 Wired Keyboard Consumer Control: always reports core events
[  1295.735] (**) Option "Device" "/dev/input/event6"
[  1295.735] (II) event6  - Dell KB216 Wired Keyboard Consumer Control: is tagged by udev as: Keyboard
[  1295.736] (II) event6  - Dell KB216 Wired Keyboard Consumer Control: device is a keyboard
[  1295.736] (II) event6  - Dell KB216 Wired Keyboard Consumer Control: device removed
[  1295.736] (II) libinput: Dell KB216 Wired Keyboard Consumer Control: needs a virtual subdevice
[  1295.736] (**) Option "config_info" "udev:/sys/devices/pci0000:00/0000:00:14.0/usb1/1-1/1-1:1.1/0003:413C:2113.0002/input/input6/event6"
[  1295.736] (II) XINPUT: Adding extended input device "Dell KB216 Wired Keyboard Consumer Control" (type: MOUSE, id 12)
[  1295.736] (**) Option "AccelerationScheme" "none"
[  1295.736] (**) Dell KB216 Wired Keyboard Consumer Control: (accel) selected scheme none/0
[  1295.736] (**) Dell KB216 Wired Keyboard Consumer Control: (accel) acceleration factor: 2.000
[  1295.736] (**) Dell KB216 Wired Keyboard Consumer Control: (accel) acceleration threshold: 4
[  1295.736] (II) event6  - Dell KB216 Wired Keyboard Consumer Control: is tagged by udev as: Keyboard
[  1295.736] (II) event6  - Dell KB216 Wired Keyboard Consumer Control: device is a keyboard
[  1295.737] (II) config/udev: Adding input device PixArt Dell MS116 USB Optical Mouse (/dev/input/event7)
[  1295.737] (**) PixArt Dell MS116 USB Optical Mouse: Applying InputClass "libinput pointer catchall"
[  1295.737] (II) Using input driver 'libinput' for 'PixArt Dell MS116 USB Optical Mouse'
[  1295.737] (II) systemd-logind: got fd for /dev/input/event7 13:71 fd 36 paused 0
[  1295.737] (**) PixArt Dell MS116 USB Optical Mouse: always reports core events
[  1295.737] (**) Option "Device" "/dev/input/event7"
[  1295.738] (II) event7  - PixArt Dell MS116 USB Optical Mouse: is tagged by udev as: Mouse
[  1295.738] (II) event7  - PixArt Dell MS116 USB Optical Mouse: device set to 1000 DPI
[  1295.738] (II) event7  - PixArt Dell MS116 USB Optical Mouse: device is a pointer
[  1295.738] (II) event7  - PixArt Dell MS116 USB Optical Mouse: device removed
[  1295.738] (II) libinput: PixArt Dell MS116 USB Optical Mouse: Step value 0 was provided, libinput Fallback acceleration function is used.
[  1295.738] (II) libinput: PixArt Dell MS116 USB Optical Mouse: Step value 0 was provided, libinput Fallback acceleration function is used.
[  1295.738] (II) libinput: PixArt Dell MS116 USB Optical Mouse: Step value 0 was provided, libinput Fallback acceleration function is used.
[  1295.738] (**) Option "config_info" "udev:/sys/devices/pci0000:00/0000:00:14.0/usb1/1-2/1-2:1.0/0003:413C:301A.0003/input/input7/event7"
[  1295.738] (II) XINPUT: Adding extended input device "PixArt Dell MS116 USB Optical Mouse" (type: MOUSE, id 13)
[  1295.738] (**) Option "AccelerationScheme" "none"
[  1295.738] (**) PixArt Dell MS116 USB Optical Mouse: (accel) selected scheme none/0
[  1295.738] (**) PixArt Dell MS116 USB Optical Mouse: (accel) acceleration factor: 2.000
[  1295.738] (**) PixArt Dell MS116 USB Optical Mouse: (accel) acceleration threshold: 4
[  1295.739] (II) event7  - PixArt Dell MS116 USB Optical Mouse: is tagged by udev as: Mouse
[  1295.739] (II) event7  - PixArt Dell MS116 USB Optical Mouse: device set to 1000 DPI
[  1295.739] (II) event7  - PixArt Dell MS116 USB Optical Mouse: device is a pointer
[  1295.739] (II) config/udev: Adding input device PixArt Dell MS116 USB Optical Mouse (/dev/input/mouse0)
[  1295.739] (II) No input driver specified, ignoring this device.
[  1295.739] (II) This device may have been added with another device file.
[  1295.739] (II) config/udev: Adding input device HDA Intel PCH Headphone Mic (/dev/input/event10)
[  1295.739] (II) No input driver specified, ignoring this device.
[  1295.739] (II) This device may have been added with another device file.
[  1295.739] (II) config/udev: Adding input device HDA Intel PCH Line Out (/dev/input/event11)
[  1295.739] (II) No input driver specified, ignoring this device.
[  1295.739] (II) This device may have been added with another device file.
[  1295.740] (II) config/udev: Adding input device HDA Intel PCH HDMI/DP,pcm=3 (/dev/input/event12)
[  1295.740] (II) No input driver specified, ignoring this device.
[  1295.740] (II) This device may have been added with another device file.
[  1295.740] (II) config/udev: Adding input device HDA Intel PCH HDMI/DP,pcm=7 (/dev/input/event13)
[  1295.740] (II) No input driver specified, ignoring this device.
[  1295.740] (II) This device may have been added with another device file.
[  1295.740] (II) config/udev: Adding input device HDA Intel PCH HDMI/DP,pcm=8 (/dev/input/event14)
[  1295.740] (II) No input driver specified, ignoring this device.
[  1295.740] (II) This device may have been added with another device file.
[  1295.740] (II) config/udev: Adding input device Dell WMI hotkeys (/dev/input/event9)
[  1295.740] (**) Dell WMI hotkeys: Applying InputClass "libinput keyboard catchall"
[  1295.740] (II) Using input driver 'libinput' for 'Dell WMI hotkeys'
[  1295.741] (II) systemd-logind: got fd for /dev/input/event9 13:73 fd 37 paused 0
[  1295.741] (**) Dell WMI hotkeys: always reports core events
[  1295.741] (**) Option "Device" "/dev/input/event9"
[  1295.741] (II) event9  - Dell WMI hotkeys: is tagged by udev as: Keyboard
[  1295.741] (II) event9  - Dell WMI hotkeys: device is a keyboard
[  1295.741] (II) event9  - Dell WMI hotkeys: device removed
[  1295.741] (**) Option "config_info" "udev:/sys/devices/platform/PNP0C14:02/wmi_bus/wmi_bus-PNP0C14:02/9DBB5994-A997-11DA-B012-B622A1EF5492/input/input9/event9"
[  1295.741] (II) XINPUT: Adding extended input device "Dell WMI hotkeys" (type: KEYBOARD, id 14)
[  1295.742] (II) event9  - Dell WMI hotkeys: is tagged by udev as: Keyboard
[  1295.742] (II) event9  - Dell WMI hotkeys: device is a keyboard
[  1295.742] (II) config/udev: Adding input device PC Speaker (/dev/input/event8)
[  1295.742] (II) No input driver specified, ignoring this device.
[  1295.742] (II) This device may have been added with another device file.
[  1295.761] (**) Dell KB216 Wired Keyboard Consumer Control: Applying InputClass "libinput keyboard catchall"
[  1295.761] (II) Using input driver 'libinput' for 'Dell KB216 Wired Keyboard Consumer Control'
[  1295.761] (II) systemd-logind: returning pre-existing fd for /dev/input/event6 13:70
[  1295.761] (**) Dell KB216 Wired Keyboard Consumer Control: always reports core events
[  1295.761] (**) Option "Device" "/dev/input/event6"
[  1295.761] (II) libinput: Dell KB216 Wired Keyboard Consumer Control: is a virtual subdevice
[  1295.761] (**) Option "config_info" "udev:/sys/devices/pci0000:00/0000:00:14.0/usb1/1-1/1-1:1.1/0003:413C:2113.0002/input/input6/event6"
[  1295.761] (II) XINPUT: Adding extended input device "Dell KB216 Wired Keyboard Consumer Control" (type: KEYBOARD, id 15)
[  1298.444] (II) modeset(0): EDID vendor "DEL", prod id 53465
[  1298.444] (II) modeset(0): Using EDID range info for horizontal sync
[  1298.444] (II) modeset(0): Using EDID range info for vertical refresh
[  1298.444] (II) modeset(0): Printing DDC gathered Modelines:
[  1298.444] (II) modeset(0): Modeline "1920x1080"x0.0  148.50  1920 2008 2052 2200  1080 1084 1089 1125 +hsync +vsync (67.5 kHz eP)
[  1298.444] (II) modeset(0): Modeline "800x600"x0.0   40.00  800 840 968 1056  600 601 605 628 +hsync +vsync (37.9 kHz e)
[  1298.444] (II) modeset(0): Modeline "640x480"x0.0   31.50  640 656 720 840  480 481 484 500 -hsync -vsync (37.5 kHz e)
[  1298.444] (II) modeset(0): Modeline "640x480"x0.0   25.18  640 656 752 800  480 490 492 525 -hsync -vsync (31.5 kHz e)
[  1298.444] (II) modeset(0): Modeline "720x400"x0.0   28.32  720 738 846 900  400 412 414 449 -hsync +vsync (31.5 kHz e)
[  1298.444] (II) modeset(0): Modeline "1280x1024"x0.0  135.00  1280 1296 1440 1688  1024 1025 1028 1066 +hsync +vsync (80.0 kHz e)
[  1298.444] (II) modeset(0): Modeline "1024x768"x0.0   78.75  1024 1040 1136 1312  768 769 772 800 +hsync +vsync (60.0 kHz e)
[  1298.445] (II) modeset(0): Modeline "1024x768"x0.0   65.00  1024 1048 1184 1344  768 771 777 806 -hsync -vsync (48.4 kHz e)
[  1298.445] (II) modeset(0): Modeline "800x600"x0.0   49.50  800 816 896 1056  600 601 604 625 +hsync +vsync (46.9 kHz e)
[  1298.445] (II) modeset(0): Modeline "1152x864"x0.0  108.00  1152 1216 1344 1600  864 865 868 900 +hsync +vsync (67.5 kHz e)
[  1298.445] (II) modeset(0): Modeline "1280x1024"x0.0  108.00  1280 1328 1440 1688  1024 1025 1028 1066 +hsync +vsync (64.0 kHz e)
[  1298.445] (II) modeset(0): Modeline "1600x900"x60.0  119.00  1600 1696 1864 2128  900 901 904 932 -hsync +vsync (55.9 kHz e)
