[    95.859] 
X.Org X Server 1.21.1.8
X Protocol Version 11, Revision 0
[    95.859] Current Operating System: Linux zoey 6.2.13-arch1-1 #1 SMP PREEMPT_DYNAMIC Wed, 26 Apr 2023 20:50:14 +0000 x86_64
[    95.859] Kernel command line: BOOT_IMAGE=/@/boot/vmlinuz-linux root=UUID=4b4ada38-e450-45cd-98cb-045ef103fdf1 rw rootflags=subvol=@ loglevel=3 quiet
[    95.859]  
[    95.860] Current version of pixman: 0.42.2
[    95.860] 	Before reporting problems, check http://wiki.x.org
	to make sure that you have the latest version.
[    95.860] Markers: (--) probed, (**) from config file, (==) default setting,
	(++) from command line, (!!) notice, (II) informational,
	(WW) warning, (EE) error, (NI) not implemented, (??) unknown.
[    95.861] (==) Log file: "/home/zoey/.local/share/xorg/Xorg.1.log", Time: Sun Apr 30 14:30:04 2023
[    95.861] (==) Using system config directory "/usr/share/X11/xorg.conf.d"
[    95.862] (==) No Layout section.  Using the first Screen section.
[    95.862] (==) No screen section available. Using defaults.
[    95.862] (**) |-->Screen "Default Screen Section" (0)
[    95.862] (**) |   |-->Monitor "<default monitor>"
[    95.862] (==) No monitor specified for screen "Default Screen Section".
	Using a default monitor configuration.
[    95.862] (==) Automatically adding devices
[    95.862] (==) Automatically enabling devices
[    95.862] (==) Automatically adding GPU devices
[    95.862] (==) Automatically binding GPU devices
[    95.862] (==) Max clients allowed: 256, resource mask: 0x1fffff
[    95.862] (WW) The directory "/usr/share/fonts/misc" does not exist.
[    95.862] 	Entry deleted from font path.
[    95.862] (WW) The directory "/usr/share/fonts/TTF" does not exist.
[    95.862] 	Entry deleted from font path.
[    95.862] (WW) The directory "/usr/share/fonts/OTF" does not exist.
[    95.862] 	Entry deleted from font path.
[    95.862] (WW) The directory "/usr/share/fonts/Type1" does not exist.
[    95.862] 	Entry deleted from font path.
[    95.862] (==) FontPath set to:
	/usr/share/fonts/100dpi,
	/usr/share/fonts/75dpi
[    95.862] (==) ModulePath set to "/usr/lib/xorg/modules"
[    95.862] (II) The server relies on udev to provide the list of input devices.
	If no devices become available, reconfigure udev or disable AutoAddDevices.
[    95.862] (II) Module ABI versions:
[    95.862] 	X.Org ANSI C Emulation: 0.4
[    95.862] 	X.Org Video Driver: 25.2
[    95.862] 	X.Org XInput driver : 24.4
[    95.862] 	X.Org Server Extension : 10.0
[    95.862] (++) using VT number 2

[    95.863] (II) systemd-logind: took control of session /org/freedesktop/login1/session/_33
[    95.863] (II) xfree86: Adding drm device (/dev/dri/card0)
[    95.863] (II) Platform probe for /sys/devices/pci0000:00/0000:00:02.0/drm/card0
[    95.864] (II) systemd-logind: got fd for /dev/dri/card0 226:0 fd 13 paused 0
[    95.864] (--) PCI:*(0@0:2:0) 8086:9bc8:1028:09a8 rev 3, Mem @ 0xd0000000/16777216, 0xc0000000/268435456, I/O @ 0x00004000/64, BIOS @ 0x????????/131072
[    95.864] (WW) Open ACPI failed (/var/run/acpid.socket) (No such file or directory)
[    95.864] (II) LoadModule: "glx"
[    95.864] (II) Loading /usr/lib/xorg/modules/extensions/libglx.so
[    95.865] (II) Module glx: vendor="X.Org Foundation"
[    95.865] 	compiled for 1.21.1.8, module version = 1.0.0
[    95.865] 	ABI class: X.Org Server Extension, version 10.0
[    95.865] (==) Matched intel as autoconfigured driver 0
[    95.865] (==) Matched modesetting as autoconfigured driver 1
[    95.865] (==) Matched fbdev as autoconfigured driver 2
[    95.865] (==) Matched vesa as autoconfigured driver 3
[    95.865] (==) Assigned the driver to the xf86ConfigLayout
[    95.865] (II) LoadModule: "intel"
[    95.865] (WW) Warning, couldn't open module intel
[    95.865] (EE) Failed to load module "intel" (module does not exist, 0)
[    95.865] (II) LoadModule: "modesetting"
[    95.865] (II) Loading /usr/lib/xorg/modules/drivers/modesetting_drv.so
[    95.866] (II) Module modesetting: vendor="X.Org Foundation"
[    95.866] 	compiled for 1.21.1.8, module version = 1.21.1
[    95.866] 	Module class: X.Org Video Driver
[    95.866] 	ABI class: X.Org Video Driver, version 25.2
[    95.866] (II) LoadModule: "fbdev"
[    95.866] (WW) Warning, couldn't open module fbdev
[    95.866] (EE) Failed to load module "fbdev" (module does not exist, 0)
[    95.866] (II) LoadModule: "vesa"
[    95.866] (II) Loading /usr/lib/xorg/modules/drivers/vesa_drv.so
[    95.866] (II) Module vesa: vendor="X.Org Foundation"
[    95.866] 	compiled for 1.21.1.4, module version = 2.6.0
[    95.866] 	Module class: X.Org Video Driver
[    95.866] 	ABI class: X.Org Video Driver, version 25.2
[    95.866] (II) modesetting: Driver for Modesetting Kernel Drivers: kms
[    95.866] (II) VESA: driver for VESA chipsets: vesa
[    95.866] xf86EnableIO: failed to enable I/O ports 0000-03ff (Operation not permitted)
[    95.866] (II) modeset(0): using drv /dev/dri/card0
[    95.866] (WW) VGA arbiter: cannot open kernel arbiter, no multi-card support
[    95.866] (II) modeset(0): Creating default Display subsection in Screen section
	"Default Screen Section" for depth/fbbpp 24/32
[    95.866] (==) modeset(0): Depth 24, (==) framebuffer bpp 32
[    95.866] (==) modeset(0): RGB weight 888
[    95.866] (==) modeset(0): Default visual is TrueColor
[    95.866] (II) Loading sub module "glamoregl"
[    95.866] (II) LoadModule: "glamoregl"
[    95.866] (II) Loading /usr/lib/xorg/modules/libglamoregl.so
[    95.868] (II) Module glamoregl: vendor="X.Org Foundation"
[    95.868] 	compiled for 1.21.1.8, module version = 1.0.1
[    95.868] 	ABI class: X.Org ANSI C Emulation, version 0.4
[    95.887] (II) modeset(0): glamor X acceleration enabled on Mesa Intel(R) UHD Graphics 630 (CML GT2)
[    95.887] (II) modeset(0): glamor initialized
[    95.887] (==) modeset(0): VariableRefresh: disabled
[    95.887] (==) modeset(0): AsyncFlipSecondaries: disabled
[    95.890] (II) modeset(0): Output HDMI-1 has no monitor section
[    95.902] (II) modeset(0): Output DP-1 has no monitor section
[    95.905] (II) modeset(0): Output HDMI-2 has no monitor section
[    95.905] (II) modeset(0): Output DP-2 has no monitor section
[    95.909] (II) modeset(0): Output HDMI-3 has no monitor section
[    95.912] (II) modeset(0): EDID for output HDMI-1
[    95.924] (II) modeset(0): EDID for output DP-1
[    95.924] (II) modeset(0): Manufacturer: DEL  Model: d0d9  Serial#: 825503828
[    95.924] (II) modeset(0): Year: 2021  Week: 22
[    95.924] (II) modeset(0): EDID Version: 1.4
[    95.924] (II) modeset(0): Digital Display Input
[    95.924] (II) modeset(0): 8 bits per channel
[    95.924] (II) modeset(0): Digital interface is DisplayPort
[    95.924] (II) modeset(0): Max Image Size [cm]: horiz.: 53  vert.: 30
[    95.924] (II) modeset(0): Gamma: 2.20
[    95.924] (II) modeset(0): DPMS capabilities: Off
[    95.924] (II) modeset(0): Supported color encodings: RGB 4:4:4 YCrCb 4:4:4 YCrCb 4:2:2
[    95.924] (II) modeset(0): First detailed timing is preferred mode
[    95.924] (II) modeset(0): Preferred mode is native pixel format and refresh rate
[    95.924] (II) modeset(0): redX: 0.652 redY: 0.336   greenX: 0.321 greenY: 0.610
[    95.924] (II) modeset(0): blueX: 0.153 blueY: 0.061   whiteX: 0.313 whiteY: 0.329
[    95.924] (II) modeset(0): Supported established timings:
[    95.924] (II) modeset(0): 720x400@70Hz
[    95.924] (II) modeset(0): 640x480@60Hz
[    95.924] (II) modeset(0): 640x480@75Hz
[    95.924] (II) modeset(0): 800x600@60Hz
[    95.924] (II) modeset(0): 800x600@75Hz
[    95.924] (II) modeset(0): 1024x768@60Hz
[    95.924] (II) modeset(0): 1024x768@75Hz
[    95.924] (II) modeset(0): 1280x1024@75Hz
[    95.924] (II) modeset(0): Manufacturer's mask: 0
[    95.924] (II) modeset(0): Supported standard timings:
[    95.924] (II) modeset(0): #0: hsize: 1152  vsize 864  refresh: 75  vid: 20337
[    95.924] (II) modeset(0): #1: hsize: 1280  vsize 1024  refresh: 60  vid: 32897
[    95.924] (II) modeset(0): #2: hsize: 1600  vsize 900  refresh: 60  vid: 49321
[    95.924] (II) modeset(0): #3: hsize: 1920  vsize 1080  refresh: 60  vid: 49361
[    95.924] (II) modeset(0): Supported detailed timing:
[    95.924] (II) modeset(0): clock: 148.5 MHz   Image Size:  527 x 296 mm
[    95.924] (II) modeset(0): h_active: 1920  h_sync: 2008  h_sync_end 2052 h_blank_end 2200 h_border: 0
[    95.924] (II) modeset(0): v_active: 1080  v_sync: 1084  v_sync_end 1089 v_blanking: 1125 v_border: 0
[    95.924] (II) modeset(0): Serial No: 6MYJRD3
[    95.924] (II) modeset(0): Monitor name: DELL P2419H
[    95.924] (II) modeset(0): Ranges: V min: 56 V max: 76 Hz, H min: 30 H max: 83 kHz, PixClock max 175 MHz
[    95.924] (II) modeset(0): EDID (in hex):
[    95.924] (II) modeset(0): 	00ffffffffffff0010acd9d054303431
[    95.924] (II) modeset(0): 	161f0104a5351e783a0565a756529c27
[    95.924] (II) modeset(0): 	0f5054a54b00714f8180a9c0d1c00101
[    95.924] (II) modeset(0): 	010101010101023a801871382d40582c
[    95.924] (II) modeset(0): 	45000f282100001e000000ff00364d59
[    95.924] (II) modeset(0): 	4a5244330a2020202020000000fc0044
[    95.924] (II) modeset(0): 	454c4c205032343139480a20000000fd
[    95.924] (II) modeset(0): 	00384c1e5311010a2020202020200094
[    95.925] (II) modeset(0): Printing probed modes for output DP-1
[    95.925] (II) modeset(0): Modeline "1920x1080"x60.0  148.50  1920 2008 2052 2200  1080 1084 1089 1125 +hsync +vsync (67.5 kHz eP)
[    95.925] (II) modeset(0): Modeline "1600x900"x60.0  108.00  1600 1624 1704 1800  900 901 904 1000 +hsync +vsync (60.0 kHz e)
[    95.925] (II) modeset(0): Modeline "1280x1024"x75.0  135.00  1280 1296 1440 1688  1024 1025 1028 1066 +hsync +vsync (80.0 kHz e)
[    95.925] (II) modeset(0): Modeline "1280x1024"x60.0  108.00  1280 1328 1440 1688  1024 1025 1028 1066 +hsync +vsync (64.0 kHz e)
[    95.925] (II) modeset(0): Modeline "1152x864"x75.0  108.00  1152 1216 1344 1600  864 865 868 900 +hsync +vsync (67.5 kHz e)
[    95.925] (II) modeset(0): Modeline "1024x768"x75.0   78.75  1024 1040 1136 1312  768 769 772 800 +hsync +vsync (60.0 kHz e)
[    95.925] (II) modeset(0): Modeline "1024x768"x60.0   65.00  1024 1048 1184 1344  768 771 777 806 -hsync -vsync (48.4 kHz e)
[    95.925] (II) modeset(0): Modeline "800x600"x75.0   49.50  800 816 896 1056  600 601 604 625 +hsync +vsync (46.9 kHz e)
[    95.925] (II) modeset(0): Modeline "800x600"x60.3   40.00  800 840 968 1056  600 601 605 628 +hsync +vsync (37.9 kHz e)
[    95.925] (II) modeset(0): Modeline "640x480"x75.0   31.50  640 656 720 840  480 481 484 500 -hsync -vsync (37.5 kHz e)
[    95.925] (II) modeset(0): Modeline "640x480"x59.9   25.18  640 656 752 800  480 490 492 525 -hsync -vsync (31.5 kHz e)
[    95.925] (II) modeset(0): Modeline "720x400"x70.1   28.32  720 738 846 900  400 412 414 449 -hsync +vsync (31.5 kHz e)
[    95.928] (II) modeset(0): EDID for output HDMI-2
[    95.928] (II) modeset(0): EDID for output DP-2
[    95.931] (II) modeset(0): EDID for output HDMI-3
[    95.931] (II) modeset(0): Output HDMI-1 disconnected
[    95.931] (II) modeset(0): Output DP-1 connected
[    95.931] (II) modeset(0): Output HDMI-2 disconnected
[    95.931] (II) modeset(0): Output DP-2 disconnected
[    95.931] (II) modeset(0): Output HDMI-3 disconnected
[    95.931] (II) modeset(0): Using exact sizes for initial modes
[    95.931] (II) modeset(0): Output DP-1 using initial mode 1920x1080 +0+0
[    95.931] (==) modeset(0): Using gamma correction (1.0, 1.0, 1.0)
[    95.931] (==) modeset(0): DPI set to (96, 96)
[    95.931] (II) Loading sub module "fb"
[    95.931] (II) LoadModule: "fb"
[    95.931] (II) Module "fb" already built-in
[    95.931] (II) UnloadModule: "vesa"
[    95.931] (II) Unloading vesa
[    95.937] (==) modeset(0): Backing store enabled
[    95.937] (==) modeset(0): Silken mouse enabled
[    96.053] (II) modeset(0): Initializing kms color map for depth 24, 8 bpc.
[    96.054] (==) modeset(0): DPMS enabled
[    96.054] (II) modeset(0): [DRI2] Setup complete
[    96.054] (II) modeset(0): [DRI2]   DRI driver: iris
[    96.054] (II) modeset(0): [DRI2]   VDPAU driver: va_gl
[    96.054] (II) Initializing extension Generic Event Extension
[    96.054] (II) Initializing extension SHAPE
[    96.055] (II) Initializing extension MIT-SHM
[    96.055] (II) Initializing extension XInputExtension
[    96.055] (II) Initializing extension XTEST
[    96.056] (II) Initializing extension BIG-REQUESTS
[    96.056] (II) Initializing extension SYNC
[    96.056] (II) Initializing extension XKEYBOARD
[    96.056] (II) Initializing extension XC-MISC
[    96.057] (II) Initializing extension SECURITY
[    96.057] (II) Initializing extension XFIXES
[    96.057] (II) Initializing extension RENDER
[    96.058] (II) Initializing extension RANDR
[    96.058] (II) Initializing extension COMPOSITE
[    96.059] (II) Initializing extension DAMAGE
[    96.059] (II) Initializing extension MIT-SCREEN-SAVER
[    96.059] (II) Initializing extension DOUBLE-BUFFER
[    96.059] (II) Initializing extension RECORD
[    96.060] (II) Initializing extension DPMS
[    96.060] (II) Initializing extension Present
[    96.060] (II) Initializing extension DRI3
[    96.061] (II) Initializing extension X-Resource
[    96.061] (II) Initializing extension XVideo
[    96.061] (II) Initializing extension XVideo-MotionCompensation
[    96.061] (II) Initializing extension GLX
[    96.080] (II) AIGLX: Loaded and initialized iris
[    96.080] (II) GLX: Initialized DRI2 GL provider for screen 0
[    96.080] (II) Initializing extension XFree86-VidModeExtension
[    96.080] (II) Initializing extension XFree86-DGA
[    96.080] (II) Initializing extension XFree86-DRI
[    96.080] (II) Initializing extension DRI2
[    96.081] (II) modeset(0): Damage tracking initialized
[    96.081] (II) modeset(0): Setting screen physical size to 508 x 285
[    96.139] (II) config/udev: Adding input device Power Button (/dev/input/event2)
[    96.139] (**) Power Button: Applying InputClass "libinput keyboard catchall"
[    96.139] (II) LoadModule: "libinput"
[    96.139] (II) Loading /usr/lib/xorg/modules/input/libinput_drv.so
[    96.140] (II) Module libinput: vendor="X.Org Foundation"
[    96.140] 	compiled for 1.21.1.8, module version = 1.3.0
[    96.140] 	Module class: X.Org XInput Driver
[    96.140] 	ABI class: X.Org XInput driver, version 24.4
[    96.140] (II) Using input driver 'libinput' for 'Power Button'
[    96.140] (II) systemd-logind: got fd for /dev/input/event2 13:66 fd 27 paused 0
[    96.140] (**) Power Button: always reports core events
[    96.140] (**) Option "Device" "/dev/input/event2"
[    96.141] (II) event2  - Power Button: is tagged by udev as: Keyboard
[    96.141] (II) event2  - Power Button: device is a keyboard
[    96.141] (II) event2  - Power Button: device removed
[    96.141] (**) Option "config_info" "udev:/sys/devices/LNXSYSTM:00/LNXPWRBN:00/input/input2/event2"
[    96.141] (II) XINPUT: Adding extended input device "Power Button" (type: KEYBOARD, id 6)
[    96.142] (II) event2  - Power Button: is tagged by udev as: Keyboard
[    96.142] (II) event2  - Power Button: device is a keyboard
[    96.142] (II) config/udev: Adding input device Video Bus (/dev/input/event3)
[    96.142] (**) Video Bus: Applying InputClass "libinput keyboard catchall"
[    96.142] (II) Using input driver 'libinput' for 'Video Bus'
[    96.142] (II) systemd-logind: got fd for /dev/input/event3 13:67 fd 30 paused 0
[    96.142] (**) Video Bus: always reports core events
[    96.142] (**) Option "Device" "/dev/input/event3"
[    96.143] (II) event3  - Video Bus: is tagged by udev as: Keyboard
[    96.143] (II) event3  - Video Bus: device is a keyboard
[    96.143] (II) event3  - Video Bus: device removed
[    96.143] (**) Option "config_info" "udev:/sys/devices/LNXSYSTM:00/LNXSYBUS:00/PNP0A08:00/LNXVIDEO:00/input/input3/event3"
[    96.143] (II) XINPUT: Adding extended input device "Video Bus" (type: KEYBOARD, id 7)
[    96.143] (II) event3  - Video Bus: is tagged by udev as: Keyboard
[    96.143] (II) event3  - Video Bus: device is a keyboard
[    96.143] (II) config/udev: Adding input device Power Button (/dev/input/event1)
[    96.143] (**) Power Button: Applying InputClass "libinput keyboard catchall"
[    96.143] (II) Using input driver 'libinput' for 'Power Button'
[    96.144] (II) systemd-logind: got fd for /dev/input/event1 13:65 fd 31 paused 0
[    96.144] (**) Power Button: always reports core events
[    96.144] (**) Option "Device" "/dev/input/event1"
[    96.144] (II) event1  - Power Button: is tagged by udev as: Keyboard
[    96.144] (II) event1  - Power Button: device is a keyboard
[    96.144] (II) event1  - Power Button: device removed
[    96.144] (**) Option "config_info" "udev:/sys/devices/LNXSYSTM:00/LNXSYBUS:00/PNP0C0C:00/input/input1/event1"
[    96.144] (II) XINPUT: Adding extended input device "Power Button" (type: KEYBOARD, id 8)
[    96.145] (II) event1  - Power Button: is tagged by udev as: Keyboard
[    96.145] (II) event1  - Power Button: device is a keyboard
[    96.145] (II) config/udev: Adding input device Sleep Button (/dev/input/event0)
[    96.145] (**) Sleep Button: Applying InputClass "libinput keyboard catchall"
[    96.145] (II) Using input driver 'libinput' for 'Sleep Button'
[    96.145] (II) systemd-logind: got fd for /dev/input/event0 13:64 fd 32 paused 0
[    96.145] (**) Sleep Button: always reports core events
[    96.145] (**) Option "Device" "/dev/input/event0"
[    96.146] (II) event0  - Sleep Button: is tagged by udev as: Keyboard
[    96.146] (II) event0  - Sleep Button: device is a keyboard
[    96.146] (II) event0  - Sleep Button: device removed
[    96.146] (**) Option "config_info" "udev:/sys/devices/LNXSYSTM:00/LNXSYBUS:00/PNP0C0E:00/input/input0/event0"
[    96.146] (II) XINPUT: Adding extended input device "Sleep Button" (type: KEYBOARD, id 9)
[    96.146] (II) event0  - Sleep Button: is tagged by udev as: Keyboard
[    96.146] (II) event0  - Sleep Button: device is a keyboard
[    96.147] (II) config/udev: Adding input device Dell KB216 Wired Keyboard (/dev/input/event4)
[    96.147] (**) Dell KB216 Wired Keyboard: Applying InputClass "libinput keyboard catchall"
[    96.147] (II) Using input driver 'libinput' for 'Dell KB216 Wired Keyboard'
[    96.147] (II) systemd-logind: got fd for /dev/input/event4 13:68 fd 33 paused 0
[    96.147] (**) Dell KB216 Wired Keyboard: always reports core events
[    96.147] (**) Option "Device" "/dev/input/event4"
[    96.148] (II) event4  - Dell KB216 Wired Keyboard: is tagged by udev as: Keyboard
[    96.148] (II) event4  - Dell KB216 Wired Keyboard: device is a keyboard
[    96.148] (II) event4  - Dell KB216 Wired Keyboard: device removed
[    96.148] (**) Option "config_info" "udev:/sys/devices/pci0000:00/0000:00:14.0/usb1/1-1/1-1:1.0/0003:413C:2113.0001/input/input4/event4"
[    96.148] (II) XINPUT: Adding extended input device "Dell KB216 Wired Keyboard" (type: KEYBOARD, id 10)
[    96.148] (II) event4  - Dell KB216 Wired Keyboard: is tagged by udev as: Keyboard
[    96.148] (II) event4  - Dell KB216 Wired Keyboard: device is a keyboard
[    96.149] (II) config/udev: Adding input device Dell KB216 Wired Keyboard System Control (/dev/input/event5)
[    96.149] (**) Dell KB216 Wired Keyboard System Control: Applying InputClass "libinput keyboard catchall"
[    96.149] (II) Using input driver 'libinput' for 'Dell KB216 Wired Keyboard System Control'
[    96.149] (II) systemd-logind: got fd for /dev/input/event5 13:69 fd 34 paused 0
[    96.149] (**) Dell KB216 Wired Keyboard System Control: always reports core events
[    96.149] (**) Option "Device" "/dev/input/event5"
[    96.150] (II) event5  - Dell KB216 Wired Keyboard System Control: is tagged by udev as: Keyboard
[    96.150] (II) event5  - Dell KB216 Wired Keyboard System Control: device is a keyboard
[    96.150] (II) event5  - Dell KB216 Wired Keyboard System Control: device removed
[    96.150] (**) Option "config_info" "udev:/sys/devices/pci0000:00/0000:00:14.0/usb1/1-1/1-1:1.1/0003:413C:2113.0002/input/input5/event5"
[    96.150] (II) XINPUT: Adding extended input device "Dell KB216 Wired Keyboard System Control" (type: KEYBOARD, id 11)
[    96.151] (II) event5  - Dell KB216 Wired Keyboard System Control: is tagged by udev as: Keyboard
[    96.151] (II) event5  - Dell KB216 Wired Keyboard System Control: device is a keyboard
[    96.151] (II) config/udev: Adding input device Dell KB216 Wired Keyboard Consumer Control (/dev/input/event6)
[    96.151] (**) Dell KB216 Wired Keyboard Consumer Control: Applying InputClass "libinput keyboard catchall"
[    96.151] (II) Using input driver 'libinput' for 'Dell KB216 Wired Keyboard Consumer Control'
[    96.151] (II) systemd-logind: got fd for /dev/input/event6 13:70 fd 35 paused 0
[    96.151] (**) Dell KB216 Wired Keyboard Consumer Control: always reports core events
[    96.151] (**) Option "Device" "/dev/input/event6"
[    96.152] (II) event6  - Dell KB216 Wired Keyboard Consumer Control: is tagged by udev as: Keyboard
[    96.152] (II) event6  - Dell KB216 Wired Keyboard Consumer Control: device is a keyboard
[    96.152] (II) event6  - Dell KB216 Wired Keyboard Consumer Control: device removed
[    96.152] (II) libinput: Dell KB216 Wired Keyboard Consumer Control: needs a virtual subdevice
[    96.152] (**) Option "config_info" "udev:/sys/devices/pci0000:00/0000:00:14.0/usb1/1-1/1-1:1.1/0003:413C:2113.0002/input/input6/event6"
[    96.152] (II) XINPUT: Adding extended input device "Dell KB216 Wired Keyboard Consumer Control" (type: MOUSE, id 12)
[    96.152] (**) Option "AccelerationScheme" "none"
[    96.152] (**) Dell KB216 Wired Keyboard Consumer Control: (accel) selected scheme none/0
[    96.152] (**) Dell KB216 Wired Keyboard Consumer Control: (accel) acceleration factor: 2.000
[    96.152] (**) Dell KB216 Wired Keyboard Consumer Control: (accel) acceleration threshold: 4
[    96.153] (II) event6  - Dell KB216 Wired Keyboard Consumer Control: is tagged by udev as: Keyboard
[    96.153] (II) event6  - Dell KB216 Wired Keyboard Consumer Control: device is a keyboard
[    96.153] (II) config/udev: Adding input device PixArt Dell MS116 USB Optical Mouse (/dev/input/event7)
[    96.153] (**) PixArt Dell MS116 USB Optical Mouse: Applying InputClass "libinput pointer catchall"
[    96.153] (II) Using input driver 'libinput' for 'PixArt Dell MS116 USB Optical Mouse'
[    96.154] (II) systemd-logind: got fd for /dev/input/event7 13:71 fd 36 paused 0
[    96.154] (**) PixArt Dell MS116 USB Optical Mouse: always reports core events
[    96.154] (**) Option "Device" "/dev/input/event7"
[    96.154] (II) event7  - PixArt Dell MS116 USB Optical Mouse: is tagged by udev as: Mouse
[    96.154] (II) event7  - PixArt Dell MS116 USB Optical Mouse: device set to 1000 DPI
[    96.154] (II) event7  - PixArt Dell MS116 USB Optical Mouse: device is a pointer
[    96.154] (II) event7  - PixArt Dell MS116 USB Optical Mouse: device removed
[    96.154] (II) libinput: PixArt Dell MS116 USB Optical Mouse: Step value 0 was provided, libinput Fallback acceleration function is used.
[    96.154] (II) libinput: PixArt Dell MS116 USB Optical Mouse: Step value 0 was provided, libinput Fallback acceleration function is used.
[    96.154] (II) libinput: PixArt Dell MS116 USB Optical Mouse: Step value 0 was provided, libinput Fallback acceleration function is used.
[    96.154] (**) Option "config_info" "udev:/sys/devices/pci0000:00/0000:00:14.0/usb1/1-2/1-2:1.0/0003:413C:301A.0003/input/input7/event7"
[    96.154] (II) XINPUT: Adding extended input device "PixArt Dell MS116 USB Optical Mouse" (type: MOUSE, id 13)
[    96.154] (**) Option "AccelerationScheme" "none"
[    96.154] (**) PixArt Dell MS116 USB Optical Mouse: (accel) selected scheme none/0
[    96.154] (**) PixArt Dell MS116 USB Optical Mouse: (accel) acceleration factor: 2.000
[    96.154] (**) PixArt Dell MS116 USB Optical Mouse: (accel) acceleration threshold: 4
[    96.155] (II) event7  - PixArt Dell MS116 USB Optical Mouse: is tagged by udev as: Mouse
[    96.155] (II) event7  - PixArt Dell MS116 USB Optical Mouse: device set to 1000 DPI
[    96.155] (II) event7  - PixArt Dell MS116 USB Optical Mouse: device is a pointer
[    96.155] (II) config/udev: Adding input device PixArt Dell MS116 USB Optical Mouse (/dev/input/mouse0)
[    96.155] (II) No input driver specified, ignoring this device.
[    96.155] (II) This device may have been added with another device file.
[    96.156] (II) config/udev: Adding input device Bensussen Deutsch & Associates,Inc.(BDA) NSW Wired controller (/dev/input/event8)
[    96.156] (II) No input driver specified, ignoring this device.
[    96.156] (II) This device may have been added with another device file.
[    96.156] (II) config/udev: Adding input device Bensussen Deutsch & Associates,Inc.(BDA) NSW Wired controller (/dev/input/js0)
[    96.156] (II) No input driver specified, ignoring this device.
[    96.156] (II) This device may have been added with another device file.
[    96.156] (II) config/udev: Adding input device HDA Intel PCH Headphone Mic (/dev/input/event11)
[    96.156] (II) No input driver specified, ignoring this device.
[    96.156] (II) This device may have been added with another device file.
[    96.156] (II) config/udev: Adding input device HDA Intel PCH Line Out (/dev/input/event12)
[    96.156] (II) No input driver specified, ignoring this device.
[    96.156] (II) This device may have been added with another device file.
[    96.157] (II) config/udev: Adding input device HDA Intel PCH HDMI/DP,pcm=3 (/dev/input/event13)
[    96.157] (II) No input driver specified, ignoring this device.
[    96.157] (II) This device may have been added with another device file.
[    96.157] (II) config/udev: Adding input device HDA Intel PCH HDMI/DP,pcm=7 (/dev/input/event14)
[    96.157] (II) No input driver specified, ignoring this device.
[    96.157] (II) This device may have been added with another device file.
[    96.157] (II) config/udev: Adding input device HDA Intel PCH HDMI/DP,pcm=8 (/dev/input/event15)
[    96.157] (II) No input driver specified, ignoring this device.
[    96.157] (II) This device may have been added with another device file.
[    96.157] (II) config/udev: Adding input device Dell WMI hotkeys (/dev/input/event10)
[    96.157] (**) Dell WMI hotkeys: Applying InputClass "libinput keyboard catchall"
[    96.157] (II) Using input driver 'libinput' for 'Dell WMI hotkeys'
[    96.158] (II) systemd-logind: got fd for /dev/input/event10 13:74 fd 37 paused 0
[    96.158] (**) Dell WMI hotkeys: always reports core events
[    96.158] (**) Option "Device" "/dev/input/event10"
[    96.158] (II) event10 - Dell WMI hotkeys: is tagged by udev as: Keyboard
[    96.158] (II) event10 - Dell WMI hotkeys: device is a keyboard
[    96.158] (II) event10 - Dell WMI hotkeys: device removed
[    96.158] (**) Option "config_info" "udev:/sys/devices/platform/PNP0C14:02/wmi_bus/wmi_bus-PNP0C14:02/9DBB5994-A997-11DA-B012-B622A1EF5492/input/input10/event10"
[    96.158] (II) XINPUT: Adding extended input device "Dell WMI hotkeys" (type: KEYBOARD, id 14)
[    96.159] (II) event10 - Dell WMI hotkeys: is tagged by udev as: Keyboard
[    96.159] (II) event10 - Dell WMI hotkeys: device is a keyboard
[    96.159] (II) config/udev: Adding input device PC Speaker (/dev/input/event9)
[    96.159] (II) No input driver specified, ignoring this device.
[    96.159] (II) This device may have been added with another device file.
[    96.169] (**) Dell KB216 Wired Keyboard Consumer Control: Applying InputClass "libinput keyboard catchall"
[    96.169] (II) Using input driver 'libinput' for 'Dell KB216 Wired Keyboard Consumer Control'
[    96.169] (II) systemd-logind: returning pre-existing fd for /dev/input/event6 13:70
[    96.169] (**) Dell KB216 Wired Keyboard Consumer Control: always reports core events
[    96.169] (**) Option "Device" "/dev/input/event6"
[    96.169] (II) libinput: Dell KB216 Wired Keyboard Consumer Control: is a virtual subdevice
[    96.169] (**) Option "config_info" "udev:/sys/devices/pci0000:00/0000:00:14.0/usb1/1-1/1-1:1.1/0003:413C:2113.0002/input/input6/event6"
[    96.169] (II) XINPUT: Adding extended input device "Dell KB216 Wired Keyboard Consumer Control" (type: KEYBOARD, id 15)
[   122.702] (II) modeset(0): EDID vendor "DEL", prod id 53465
[   122.702] (II) modeset(0): Using EDID range info for horizontal sync
[   122.702] (II) modeset(0): Using EDID range info for vertical refresh
[   122.702] (II) modeset(0): Printing DDC gathered Modelines:
[   122.702] (II) modeset(0): Modeline "1920x1080"x0.0  148.50  1920 2008 2052 2200  1080 1084 1089 1125 +hsync +vsync (67.5 kHz eP)
[   122.702] (II) modeset(0): Modeline "800x600"x0.0   40.00  800 840 968 1056  600 601 605 628 +hsync +vsync (37.9 kHz e)
[   122.702] (II) modeset(0): Modeline "640x480"x0.0   31.50  640 656 720 840  480 481 484 500 -hsync -vsync (37.5 kHz e)
[   122.702] (II) modeset(0): Modeline "640x480"x0.0   25.18  640 656 752 800  480 490 492 525 -hsync -vsync (31.5 kHz e)
[   122.703] (II) modeset(0): Modeline "720x400"x0.0   28.32  720 738 846 900  400 412 414 449 -hsync +vsync (31.5 kHz e)
[   122.703] (II) modeset(0): Modeline "1280x1024"x0.0  135.00  1280 1296 1440 1688  1024 1025 1028 1066 +hsync +vsync (80.0 kHz e)
[   122.703] (II) modeset(0): Modeline "1024x768"x0.0   78.75  1024 1040 1136 1312  768 769 772 800 +hsync +vsync (60.0 kHz e)
[   122.703] (II) modeset(0): Modeline "1024x768"x0.0   65.00  1024 1048 1184 1344  768 771 777 806 -hsync -vsync (48.4 kHz e)
[   122.703] (II) modeset(0): Modeline "800x600"x0.0   49.50  800 816 896 1056  600 601 604 625 +hsync +vsync (46.9 kHz e)
[   122.703] (II) modeset(0): Modeline "1152x864"x0.0  108.00  1152 1216 1344 1600  864 865 868 900 +hsync +vsync (67.5 kHz e)
[   122.703] (II) modeset(0): Modeline "1280x1024"x0.0  108.00  1280 1328 1440 1688  1024 1025 1028 1066 +hsync +vsync (64.0 kHz e)
[   122.703] (II) modeset(0): Modeline "1600x900"x60.0  119.00  1600 1696 1864 2128  900 901 904 932 -hsync +vsync (55.9 kHz e)
[   254.421] (**) Option "fd" "27"
[   254.421] (II) event2  - Power Button: device removed
[   254.421] (**) Option "fd" "30"
[   254.421] (II) event3  - Video Bus: device removed
[   254.421] (**) Option "fd" "31"
[   254.421] (II) event1  - Power Button: device removed
[   254.421] (**) Option "fd" "32"
[   254.421] (II) event0  - Sleep Button: device removed
[   254.421] (**) Option "fd" "33"
[   254.421] (II) event4  - Dell KB216 Wired Keyboard: device removed
[   254.421] (**) Option "fd" "34"
[   254.421] (II) event5  - Dell KB216 Wired Keyboard System Control: device removed
[   254.421] (**) Option "fd" "35"
[   254.421] (**) Option "fd" "36"
[   254.421] (II) event7  - PixArt Dell MS116 USB Optical Mouse: device removed
[   254.421] (**) Option "fd" "37"
[   254.421] (II) event10 - Dell WMI hotkeys: device removed
[   254.421] (**) Option "fd" "35"
[   254.421] (II) event6  - Dell KB216 Wired Keyboard Consumer Control: device removed
[   254.436] (II) UnloadModule: "libinput"
[   254.436] (II) systemd-logind: not releasing fd for 13:70, still in use
[   254.436] (II) UnloadModule: "libinput"
[   254.436] (II) systemd-logind: releasing fd for 13:74
[   254.475] (II) UnloadModule: "libinput"
[   254.475] (II) systemd-logind: releasing fd for 13:71
[   255.107] (II) UnloadModule: "libinput"
[   255.107] (II) systemd-logind: releasing fd for 13:70
[   255.191] (II) UnloadModule: "libinput"
[   255.191] (II) systemd-logind: releasing fd for 13:69
[   255.231] (II) UnloadModule: "libinput"
[   255.231] (II) systemd-logind: releasing fd for 13:68
[   255.277] (II) UnloadModule: "libinput"
[   255.277] (II) systemd-logind: releasing fd for 13:64
[   255.307] (II) UnloadModule: "libinput"
[   255.307] (II) systemd-logind: releasing fd for 13:65
[   255.337] (II) UnloadModule: "libinput"
[   255.337] (II) systemd-logind: releasing fd for 13:67
[   255.421] (II) UnloadModule: "libinput"
[   255.421] (II) systemd-logind: releasing fd for 13:66
[   255.446] (WW) xf86CloseConsole: KDSETMODE failed: Input/output error
[   255.446] (WW) xf86CloseConsole: VT_GETMODE failed: Input/output error
[   255.446] (WW) xf86OpenConsole: VT_GETSTATE failed: Input/output error
[   255.447] (II) Server terminated successfully (0). Closing log file.
